<?xml version="1.0" encoding="UTF-8"?>
<testsuite xmlns:xsi="http://www.w3.org/2001/XMLSchema-instance" xsi:noNamespaceSchemaLocation="https://maven.apache.org/surefire/maven-surefire-plugin/xsd/surefire-test-report.xsd" name="InstructorTest" time="0.036" tests="5" errors="0" skipped="0" failures="0">
  <properties>
[...]
</properties>
  <testcase name="addMultipleCourses" classname="InstructorTest" time="0.019"/>
  <testcase name="removeCourseFromEmptyList" classname="InstructorTest" time="0"/>
  <testcase name="removeCourse" classname="InstructorTest" time="0.001"/>
  <testcase name="addCourse" classname="InstructorTest" time="0.001"/>
  <testcase name="removeCourseNotAdded" classname="InstructorTest" time="0.001"/>
</testsuite>